<?xml version="1.0" encoding="utf-8"?><testsuites><testsuite name="pytest" errors="0" failures="0" skipped="0" tests="3" time="14.435" timestamp="2024-09-23T14:10:44.227742+03:00" hostname="Sem0092s-MacBook-Air.local"><testcase classname="test_HomePage.TestHomePage" name="test_formSubmission[getData0]" time="4.408" /><testcase classname="test_HomePage.TestHomePage" name="test_formSubmission[getData1]" time="0.997" /><testcase classname="test_e2e.TestOne" name="test_e2e" time="8.976" /></testsuite></testsuites>