<?xml version="1.0" encoding="utf-8"?><testsuites><testsuite name="pytest" errors="0" failures="0" skipped="0" tests="3" time="13.601" timestamp="2024-09-13T21:37:35.017968+03:00" hostname="Sem0092s-MacBook-Air.local"><testcase classname="test_HomePage.TestHomePage" name="test_formSubmission[getData0]" time="3.725" /><testcase classname="test_HomePage.TestHomePage" name="test_formSubmission[getData1]" time="0.968" /><testcase classname="test_e2e.TestOne" name="test_e2e" time="8.857" /></testsuite></testsuites>